<html>
<head>
<title>TestNG:  LoginPageTest</title>
<link href="../testng.css" rel="stylesheet" type="text/css" />
<link href="../my-testng.css" rel="stylesheet" type="text/css" />

<style type="text/css">
.log { display: none;} 
.stack-trace { display: none;} 
</style>
<script type="text/javascript">
<!--
function flip(e) {
  current = e.style.display;
  if (current == 'block') {
    e.style.display = 'none';
    return 0;
  }
  else {
    e.style.display = 'block';
    return 1;
  }
}

function toggleBox(szDivId, elem, msg1, msg2)
{
  var res = -1;  if (document.getElementById) {
    res = flip(document.getElementById(szDivId));
  }
  else if (document.all) {
    // this is the way old msie versions work
    res = flip(document.all[szDivId]);
  }
  if(elem) {
    if(res == 0) elem.innerHTML = msg1; else elem.innerHTML = msg2;
  }

}

function toggleAllBoxes() {
  if (document.getElementsByTagName) {
    d = document.getElementsByTagName('div');
    for (i = 0; i < d.length; i++) {
      if (d[i].className == 'log') {
        flip(d[i]);
      }
    }
  }
}

// -->
</script>

</head>
<body>
<h2 align='center'>LoginPageTest</h2><table border='1' align="center">
<tr>
<td>Tests passed/Failed/Skipped:</td><td>4/2/4</td>
</tr><tr>
<td>Started on:</td><td>Thu Jan 16 20:47:04 IST 2025</td>
</tr>
<tr><td>Total time:</td><td>51 seconds (51120 ms)</td>
</tr><tr>
<td>Included groups:</td><td></td>
</tr><tr>
<td>Excluded groups:</td><td></td>
</tr>
</table><p/>
<small><i>(Hover the method name to see the test class name)</i></small><p/>
<table width='100%' border='1' class='invocation-failed'>
<tr><td colspan='4' align='center'><b>FAILED TESTS</b></td></tr>
<tr><td><b>Test method</b></td>
<td><b>Attribute(s)</b></td>
<td width="30%"><b>Exception</b></td>
<td width="10%"><b>Time (seconds)</b></td>
<td><b>Instance</b></td>
</tr>
<tr>
<td title='com.orangehrm.selenium.cucumber.runner.TestRunner.runScenario()'><b>runScenario</b><br>Test class: com.orangehrm.selenium.cucumber.runner.TestRunner<br>Test method: Runs Cucumber Scenarios<br>Parameters: "Login with Invalid Credentials Should Display Error Message", "Login with Invalid Credentials"</td>
<td><div><pre>java.lang.AssertionError: Error message not displayed as expected! expected [Invalid credentials] but found []
	at com.orangehrm.selenium.cucumber.stepdefs.InvalidLoginStepDef.i_should_see_error_message(InvalidLoginStepDef.java:65)
	at ?.I should see an error message &quot;Invalid credentials&quot; on the Login page(file:///D:/WorkSpace_Selenium/CucuTestngFramework9/src/test/resources/features/LoginWithInvalidCredentials.feature:15)
... Removed 5 stack frames</pre></div><a href='#' onClick='toggleBox("stack-trace12188632", this, "Click to show all stack frames", "Click to hide stack frames")'>Click to show all stack frames</a>
<div class='stack-trace' id='stack-trace12188632'><pre>java.lang.AssertionError: Error message not displayed as expected! expected [Invalid credentials] but found []
	at org.testng.Assert.fail(Assert.java:111)
	at org.testng.Assert.failNotEquals(Assert.java:1578)
	at org.testng.Assert.assertEqualsImpl(Assert.java:150)
	at org.testng.Assert.assertEquals(Assert.java:132)
	at org.testng.Assert.assertEquals(Assert.java:656)
	at com.orangehrm.selenium.cucumber.stepdefs.InvalidLoginStepDef.i_should_see_error_message(InvalidLoginStepDef.java:65)
	at ?.I should see an error message &quot;Invalid credentials&quot; on the Login page(file:///D:/WorkSpace_Selenium/CucuTestngFramework9/src/test/resources/features/LoginWithInvalidCredentials.feature:15)
</pre></div></td>
<td>16</td>
<td>com.orangehrm.selenium.cucumber.runner.TestRunner@4f49f6af</td></tr>
<tr>
<td title='com.orangehrm.selenium.cucumber.runner.TestRunner.runScenario()'><b>runScenario</b><br>Test class: com.orangehrm.selenium.cucumber.runner.TestRunner<br>Test method: Runs Cucumber Scenarios<br>Parameters: "Login with Empty Credentials Should Display Error Messages", "Login with Empty Credentials"</td>
<td><div><pre>java.lang.AssertionError: Error message for Username field does not match! expected [Require] but found [Required]
	at com.orangehrm.selenium.cucumber.stepdefs.EmptyLoginStepDef.i_should_see_error_messages(EmptyLoginStepDef.java:68)
	at ?.I should see error messages for blank username and password fields(file:///D:/WorkSpace_Selenium/CucuTestngFramework9/src/test/resources/features/LoginWithEmptyCredentials.feature:15)
... Removed 5 stack frames</pre></div><a href='#' onClick='toggleBox("stack-trace291062341", this, "Click to show all stack frames", "Click to hide stack frames")'>Click to show all stack frames</a>
<div class='stack-trace' id='stack-trace291062341'><pre>java.lang.AssertionError: Error message for Username field does not match! expected [Require] but found [Required]
	at org.testng.Assert.fail(Assert.java:111)
	at org.testng.Assert.failNotEquals(Assert.java:1578)
	at org.testng.Assert.assertEqualsImpl(Assert.java:150)
	at org.testng.Assert.assertEquals(Assert.java:132)
	at org.testng.Assert.assertEquals(Assert.java:656)
	at com.orangehrm.selenium.cucumber.stepdefs.EmptyLoginStepDef.i_should_see_error_messages(EmptyLoginStepDef.java:68)
	at ?.I should see error messages for blank username and password fields(file:///D:/WorkSpace_Selenium/CucuTestngFramework9/src/test/resources/features/LoginWithEmptyCredentials.feature:15)
</pre></div></td>
<td>4</td>
<td>com.orangehrm.selenium.cucumber.runner.TestRunner@4f49f6af</td></tr>
</table><p>
<table width='100%' border='1' class='invocation-passed'>
<tr><td colspan='4' align='center'><b>PASSED TESTS</b></td></tr>
<tr><td><b>Test method</b></td>
<td><b>Attribute(s)</b></td>
<td width="30%"><b>Exception</b></td>
<td width="10%"><b>Time (seconds)</b></td>
<td><b>Instance</b></td>
</tr>
<tr>
<td title='com.orangehrm.selenium.cucumber.runner.TestRunner.runScenario()'><b>runScenario</b><br>Test class: com.orangehrm.selenium.cucumber.runner.TestRunner<br>Test method: Runs Cucumber Scenarios<br>Parameters: "Reset Password Functionality Should Display Success Message", "Password Reset Functionality"</td>
<td></td>
<td>9</td>
<td>com.orangehrm.selenium.cucumber.runner.TestRunner@4f49f6af</td></tr>
<tr>
<td title='com.orangehrm.selenium.cucumber.runner.TestRunner.runScenario()'><b>runScenario</b><br>Test class: com.orangehrm.selenium.cucumber.runner.TestRunner<br>Test method: Runs Cucumber Scenarios<br>Parameters: "Login with Invalid Credentials Should Display Error Message", "Login with Invalid Credentials"</td>
<td></td>
<td>8</td>
<td>com.orangehrm.selenium.cucumber.runner.TestRunner@4f49f6af</td></tr>
<tr>
<td title='com.orangehrm.selenium.cucumber.runner.TestRunner.runScenario()'><b>runScenario</b><br>Test class: com.orangehrm.selenium.cucumber.runner.TestRunner<br>Test method: Runs Cucumber Scenarios<br>Parameters: "Login with Valid Credentials Should Navigate to Dashboard", "Login with Valid Credentials"</td>
<td></td>
<td>10</td>
<td>com.orangehrm.selenium.cucumber.runner.TestRunner@4f49f6af</td></tr>
<tr>
<td title='com.orangehrm.selenium.cucumber.runner.TestRunner.runScenario()'><b>runScenario</b><br>Test class: com.orangehrm.selenium.cucumber.runner.TestRunner<br>Test method: Runs Cucumber Scenarios<br>Parameters: "Login with Invalid Credentials Should Display Error Message", "Login with Invalid Credentials"</td>
<td></td>
<td>7</td>
<td>com.orangehrm.selenium.cucumber.runner.TestRunner@4f49f6af</td></tr>
</table><p>
<table width='100%' border='1' class='invocation-skipped'>
<tr><td colspan='4' align='center'><b>SKIPPED TESTS</b></td></tr>
<tr><td><b>Test method</b></td>
<td><b>Attribute(s)</b></td>
<td width="30%"><b>Exception</b></td>
<td width="10%"><b>Time (seconds)</b></td>
<td><b>Instance</b></td>
</tr>
<tr>
<td title='com.orangehrm.selenium.cucumber.runner.TestRunner.runScenario()'><b>runScenario</b><br>Test class: com.orangehrm.selenium.cucumber.runner.TestRunner<br>Test method: Runs Cucumber Scenarios<br>Parameters: "Login with Invalid Credentials Should Display Error Message", "Login with Invalid Credentials"</td>
<td><div><pre>java.lang.AssertionError: Error message not displayed as expected! expected [Invalid credentials] but found []
	at com.orangehrm.selenium.cucumber.stepdefs.InvalidLoginStepDef.i_should_see_error_message(InvalidLoginStepDef.java:65)
	at ?.I should see an error message &quot;Invalid credentials&quot; on the Login page(file:///D:/WorkSpace_Selenium/CucuTestngFramework9/src/test/resources/features/LoginWithInvalidCredentials.feature:15)
... Removed 5 stack frames</pre></div><a href='#' onClick='toggleBox("stack-trace1160352027", this, "Click to show all stack frames", "Click to hide stack frames")'>Click to show all stack frames</a>
<div class='stack-trace' id='stack-trace1160352027'><pre>java.lang.AssertionError: Error message not displayed as expected! expected [Invalid credentials] but found []
	at org.testng.Assert.fail(Assert.java:111)
	at org.testng.Assert.failNotEquals(Assert.java:1578)
	at org.testng.Assert.assertEqualsImpl(Assert.java:150)
	at org.testng.Assert.assertEquals(Assert.java:132)
	at org.testng.Assert.assertEquals(Assert.java:656)
	at com.orangehrm.selenium.cucumber.stepdefs.InvalidLoginStepDef.i_should_see_error_message(InvalidLoginStepDef.java:65)
	at ?.I should see an error message &quot;Invalid credentials&quot; on the Login page(file:///D:/WorkSpace_Selenium/CucuTestngFramework9/src/test/resources/features/LoginWithInvalidCredentials.feature:15)
</pre></div></td>
<td>17</td>
<td>com.orangehrm.selenium.cucumber.runner.TestRunner@4f49f6af</td></tr>
<tr>
<td title='com.orangehrm.selenium.cucumber.runner.TestRunner.runScenario()'><b>runScenario</b><br>Test class: com.orangehrm.selenium.cucumber.runner.TestRunner<br>Test method: Runs Cucumber Scenarios<br>Parameters: "Login with Empty Credentials Should Display Error Messages", "Login with Empty Credentials"</td>
<td><div><pre>java.lang.AssertionError: Error message for Username field does not match! expected [Require] but found [Required]
	at com.orangehrm.selenium.cucumber.stepdefs.EmptyLoginStepDef.i_should_see_error_messages(EmptyLoginStepDef.java:68)
	at ?.I should see error messages for blank username and password fields(file:///D:/WorkSpace_Selenium/CucuTestngFramework9/src/test/resources/features/LoginWithEmptyCredentials.feature:15)
... Removed 5 stack frames</pre></div><a href='#' onClick='toggleBox("stack-trace1052062227", this, "Click to show all stack frames", "Click to hide stack frames")'>Click to show all stack frames</a>
<div class='stack-trace' id='stack-trace1052062227'><pre>java.lang.AssertionError: Error message for Username field does not match! expected [Require] but found [Required]
	at org.testng.Assert.fail(Assert.java:111)
	at org.testng.Assert.failNotEquals(Assert.java:1578)
	at org.testng.Assert.assertEqualsImpl(Assert.java:150)
	at org.testng.Assert.assertEquals(Assert.java:132)
	at org.testng.Assert.assertEquals(Assert.java:656)
	at com.orangehrm.selenium.cucumber.stepdefs.EmptyLoginStepDef.i_should_see_error_messages(EmptyLoginStepDef.java:68)
	at ?.I should see error messages for blank username and password fields(file:///D:/WorkSpace_Selenium/CucuTestngFramework9/src/test/resources/features/LoginWithEmptyCredentials.feature:15)
</pre></div></td>
<td>7</td>
<td>com.orangehrm.selenium.cucumber.runner.TestRunner@4f49f6af</td></tr>
<tr>
<td title='com.orangehrm.selenium.cucumber.runner.TestRunner.runScenario()'><b>runScenario</b><br>Test class: com.orangehrm.selenium.cucumber.runner.TestRunner<br>Test method: Runs Cucumber Scenarios<br>Parameters: "Login with Empty Credentials Should Display Error Messages", "Login with Empty Credentials"</td>
<td><div><pre>java.lang.AssertionError: Error message for Username field does not match! expected [Require] but found [Required]
	at com.orangehrm.selenium.cucumber.stepdefs.EmptyLoginStepDef.i_should_see_error_messages(EmptyLoginStepDef.java:68)
	at ?.I should see error messages for blank username and password fields(file:///D:/WorkSpace_Selenium/CucuTestngFramework9/src/test/resources/features/LoginWithEmptyCredentials.feature:15)
... Removed 5 stack frames</pre></div><a href='#' onClick='toggleBox("stack-trace1839229822", this, "Click to show all stack frames", "Click to hide stack frames")'>Click to show all stack frames</a>
<div class='stack-trace' id='stack-trace1839229822'><pre>java.lang.AssertionError: Error message for Username field does not match! expected [Require] but found [Required]
	at org.testng.Assert.fail(Assert.java:111)
	at org.testng.Assert.failNotEquals(Assert.java:1578)
	at org.testng.Assert.assertEqualsImpl(Assert.java:150)
	at org.testng.Assert.assertEquals(Assert.java:132)
	at org.testng.Assert.assertEquals(Assert.java:656)
	at com.orangehrm.selenium.cucumber.stepdefs.EmptyLoginStepDef.i_should_see_error_messages(EmptyLoginStepDef.java:68)
	at ?.I should see error messages for blank username and password fields(file:///D:/WorkSpace_Selenium/CucuTestngFramework9/src/test/resources/features/LoginWithEmptyCredentials.feature:15)
</pre></div></td>
<td>4</td>
<td>com.orangehrm.selenium.cucumber.runner.TestRunner@4f49f6af</td></tr>
<tr>
<td title='com.orangehrm.selenium.cucumber.runner.TestRunner.runScenario()'><b>runScenario</b><br>Test class: com.orangehrm.selenium.cucumber.runner.TestRunner<br>Test method: Runs Cucumber Scenarios<br>Parameters: "Login with Invalid Credentials Should Display Error Message", "Login with Invalid Credentials"</td>
<td><div><pre>java.lang.AssertionError: Error message not displayed as expected! expected [Invalid credentials] but found []
	at com.orangehrm.selenium.cucumber.stepdefs.InvalidLoginStepDef.i_should_see_error_message(InvalidLoginStepDef.java:65)
	at ?.I should see an error message &quot;Invalid credentials&quot; on the Login page(file:///D:/WorkSpace_Selenium/CucuTestngFramework9/src/test/resources/features/LoginWithInvalidCredentials.feature:15)
... Removed 5 stack frames</pre></div><a href='#' onClick='toggleBox("stack-trace488595601", this, "Click to show all stack frames", "Click to hide stack frames")'>Click to show all stack frames</a>
<div class='stack-trace' id='stack-trace488595601'><pre>java.lang.AssertionError: Error message not displayed as expected! expected [Invalid credentials] but found []
	at org.testng.Assert.fail(Assert.java:111)
	at org.testng.Assert.failNotEquals(Assert.java:1578)
	at org.testng.Assert.assertEqualsImpl(Assert.java:150)
	at org.testng.Assert.assertEquals(Assert.java:132)
	at org.testng.Assert.assertEquals(Assert.java:656)
	at com.orangehrm.selenium.cucumber.stepdefs.InvalidLoginStepDef.i_should_see_error_message(InvalidLoginStepDef.java:65)
	at ?.I should see an error message &quot;Invalid credentials&quot; on the Login page(file:///D:/WorkSpace_Selenium/CucuTestngFramework9/src/test/resources/features/LoginWithInvalidCredentials.feature:15)
</pre></div></td>
<td>14</td>
<td>com.orangehrm.selenium.cucumber.runner.TestRunner@4f49f6af</td></tr>
</table><p>
</body>
</html>