<?xml version="1.0" encoding="UTF-8"?>
<testng-results retried="4" ignored="4" total="14" passed="4" failed="2" skipped="0">
  <reporter-output>
  </reporter-output>
  <suite started-at="2025-01-16T20:47:04 IST" name="CucumberTestngTestSuite" finished-at="2025-01-16T20:47:55 IST" duration-ms="51120">
    <groups>
      <group name="cucumber">
        <method signature="AbstractTestNGCucumberTests.runScenario(io.cucumber.testng.PickleWrapper,io.cucumber.testng.FeatureWrapper)[pri:0, instance:com.orangehrm.selenium.cucumber.runner.TestRunner@4f49f6af]" name="runScenario" class="io.cucumber.testng.AbstractTestNGCucumberTests"/>
      </group> <!-- cucumber -->
    </groups>
    <test started-at="2025-01-16T20:47:04 IST" name="LoginPageTest" finished-at="2025-01-16T20:47:55 IST" duration-ms="51120">
      <class name="com.orangehrm.selenium.cucumber.runner.TestRunner">
        <test-method is-config="true" signature="cleareAllureResults()[pri:0, instance:com.orangehrm.selenium.cucumber.runner.TestRunner@4f49f6af]" started-at="2025-01-16T20:47:03 IST" name="cleareAllureResults" finished-at="2025-01-16T20:47:04 IST" duration-ms="295" status="PASS">
          <reporter-output>
          </reporter-output>
        </test-method> <!-- cleareAllureResults -->
        <test-method is-config="true" signature="setUpClass(org.testng.ITestContext)[pri:0, instance:com.orangehrm.selenium.cucumber.runner.TestRunner@4f49f6af]" started-at="2025-01-16T20:47:04 IST" name="setUpClass" finished-at="2025-01-16T20:47:04 IST" duration-ms="334" status="PASS">
          <params>
            <param index="0">
              <value>
                <![CDATA[org.testng.TestRunner@6bc28a83]]>
              </value>
            </param>
          </params>
          <reporter-output>
          </reporter-output>
        </test-method> <!-- setUpClass -->
        <test-method signature="runScenario(io.cucumber.testng.PickleWrapper,io.cucumber.testng.FeatureWrapper)[pri:0, instance:com.orangehrm.selenium.cucumber.runner.TestRunner@4f49f6af]" started-at="2025-01-16T20:47:04 IST" name="runScenario" description="Runs Cucumber Scenarios" data-provider="scenarios" finished-at="2025-01-16T20:47:12 IST" duration-ms="8226" status="PASS">
          <params>
            <param index="0">
              <value>
                <![CDATA["Login with Invalid Credentials Should Display Error Message"]]>
              </value>
            </param>
            <param index="1">
              <value>
                <![CDATA["Login with Invalid Credentials"]]>
              </value>
            </param>
          </params>
          <reporter-output>
          </reporter-output>
        </test-method> <!-- runScenario -->
        <test-method retried="true" signature="runScenario(io.cucumber.testng.PickleWrapper,io.cucumber.testng.FeatureWrapper)[pri:0, instance:com.orangehrm.selenium.cucumber.runner.TestRunner@4f49f6af]" started-at="2025-01-16T20:47:04 IST" name="runScenario" description="Runs Cucumber Scenarios" data-provider="scenarios" finished-at="2025-01-16T20:47:21 IST" duration-ms="17092" status="SKIP">
          <params>
            <param index="0">
              <value>
                <![CDATA["Login with Invalid Credentials Should Display Error Message"]]>
              </value>
            </param>
            <param index="1">
              <value>
                <![CDATA["Login with Invalid Credentials"]]>
              </value>
            </param>
          </params>
          <exception class="java.lang.AssertionError">
            <message>
              <![CDATA[Error message not displayed as expected! expected [Invalid credentials] but found []]]>
            </message>
            <full-stacktrace>
              <![CDATA[java.lang.AssertionError: Error message not displayed as expected! expected [Invalid credentials] but found []
at org.testng.Assert.fail(Assert.java:111)
at org.testng.Assert.failNotEquals(Assert.java:1578)
at org.testng.Assert.assertEqualsImpl(Assert.java:150)
at org.testng.Assert.assertEquals(Assert.java:132)
at org.testng.Assert.assertEquals(Assert.java:656)
at com.orangehrm.selenium.cucumber.stepdefs.InvalidLoginStepDef.i_should_see_error_message(InvalidLoginStepDef.java:65)
at ✽.I should see an error message "Invalid credentials" on the Login page(file:///D:/WorkSpace_Selenium/CucuTestngFramework9/src/test/resources/features/LoginWithInvalidCredentials.feature:15)
]]>
            </full-stacktrace>
          </exception> <!-- java.lang.AssertionError -->
          <reporter-output>
          </reporter-output>
        </test-method> <!-- runScenario -->
        <test-method retried="true" signature="runScenario(io.cucumber.testng.PickleWrapper,io.cucumber.testng.FeatureWrapper)[pri:0, instance:com.orangehrm.selenium.cucumber.runner.TestRunner@4f49f6af]" started-at="2025-01-16T20:47:04 IST" name="runScenario" description="Runs Cucumber Scenarios" data-provider="scenarios" finished-at="2025-01-16T20:47:11 IST" duration-ms="7277" status="SKIP">
          <params>
            <param index="0">
              <value>
                <![CDATA["Login with Empty Credentials Should Display Error Messages"]]>
              </value>
            </param>
            <param index="1">
              <value>
                <![CDATA["Login with Empty Credentials"]]>
              </value>
            </param>
          </params>
          <exception class="java.lang.AssertionError">
            <message>
              <![CDATA[Error message for Username field does not match! expected [Require] but found [Required]]]>
            </message>
            <full-stacktrace>
              <![CDATA[java.lang.AssertionError: Error message for Username field does not match! expected [Require] but found [Required]
at org.testng.Assert.fail(Assert.java:111)
at org.testng.Assert.failNotEquals(Assert.java:1578)
at org.testng.Assert.assertEqualsImpl(Assert.java:150)
at org.testng.Assert.assertEquals(Assert.java:132)
at org.testng.Assert.assertEquals(Assert.java:656)
at com.orangehrm.selenium.cucumber.stepdefs.EmptyLoginStepDef.i_should_see_error_messages(EmptyLoginStepDef.java:68)
at ✽.I should see error messages for blank username and password fields(file:///D:/WorkSpace_Selenium/CucuTestngFramework9/src/test/resources/features/LoginWithEmptyCredentials.feature:15)
]]>
            </full-stacktrace>
          </exception> <!-- java.lang.AssertionError -->
          <reporter-output>
          </reporter-output>
        </test-method> <!-- runScenario -->
        <test-method signature="runScenario(io.cucumber.testng.PickleWrapper,io.cucumber.testng.FeatureWrapper)[pri:0, instance:com.orangehrm.selenium.cucumber.runner.TestRunner@4f49f6af]" started-at="2025-01-16T20:47:04 IST" name="runScenario" description="Runs Cucumber Scenarios" data-provider="scenarios" finished-at="2025-01-16T20:47:12 IST" duration-ms="7943" status="PASS">
          <params>
            <param index="0">
              <value>
                <![CDATA["Login with Invalid Credentials Should Display Error Message"]]>
              </value>
            </param>
            <param index="1">
              <value>
                <![CDATA["Login with Invalid Credentials"]]>
              </value>
            </param>
          </params>
          <reporter-output>
          </reporter-output>
        </test-method> <!-- runScenario -->
        <test-method signature="runScenario(io.cucumber.testng.PickleWrapper,io.cucumber.testng.FeatureWrapper)[pri:0, instance:com.orangehrm.selenium.cucumber.runner.TestRunner@4f49f6af]" started-at="2025-01-16T20:47:04 IST" name="runScenario" description="Runs Cucumber Scenarios" data-provider="scenarios" finished-at="2025-01-16T20:47:13 IST" duration-ms="9492" status="PASS">
          <params>
            <param index="0">
              <value>
                <![CDATA["Reset Password Functionality Should Display Success Message"]]>
              </value>
            </param>
            <param index="1">
              <value>
                <![CDATA["Password Reset Functionality"]]>
              </value>
            </param>
          </params>
          <reporter-output>
          </reporter-output>
        </test-method> <!-- runScenario -->
        <test-method signature="runScenario(io.cucumber.testng.PickleWrapper,io.cucumber.testng.FeatureWrapper)[pri:0, instance:com.orangehrm.selenium.cucumber.runner.TestRunner@4f49f6af]" started-at="2025-01-16T20:47:04 IST" name="runScenario" description="Runs Cucumber Scenarios" data-provider="scenarios" finished-at="2025-01-16T20:47:14 IST" duration-ms="10381" status="PASS">
          <params>
            <param index="0">
              <value>
                <![CDATA["Login with Valid Credentials Should Navigate to Dashboard"]]>
              </value>
            </param>
            <param index="1">
              <value>
                <![CDATA["Login with Valid Credentials"]]>
              </value>
            </param>
          </params>
          <reporter-output>
          </reporter-output>
        </test-method> <!-- runScenario -->
        <test-method retried="true" signature="runScenario(io.cucumber.testng.PickleWrapper,io.cucumber.testng.FeatureWrapper)[pri:0, instance:com.orangehrm.selenium.cucumber.runner.TestRunner@4f49f6af]" started-at="2025-01-16T20:47:11 IST" name="runScenario" description="Runs Cucumber Scenarios" data-provider="scenarios" finished-at="2025-01-16T20:47:16 IST" duration-ms="4608" status="SKIP">
          <params>
            <param index="0">
              <value>
                <![CDATA["Login with Empty Credentials Should Display Error Messages"]]>
              </value>
            </param>
            <param index="1">
              <value>
                <![CDATA["Login with Empty Credentials"]]>
              </value>
            </param>
          </params>
          <exception class="java.lang.AssertionError">
            <message>
              <![CDATA[Error message for Username field does not match! expected [Require] but found [Required]]]>
            </message>
            <full-stacktrace>
              <![CDATA[java.lang.AssertionError: Error message for Username field does not match! expected [Require] but found [Required]
at org.testng.Assert.fail(Assert.java:111)
at org.testng.Assert.failNotEquals(Assert.java:1578)
at org.testng.Assert.assertEqualsImpl(Assert.java:150)
at org.testng.Assert.assertEquals(Assert.java:132)
at org.testng.Assert.assertEquals(Assert.java:656)
at com.orangehrm.selenium.cucumber.stepdefs.EmptyLoginStepDef.i_should_see_error_messages(EmptyLoginStepDef.java:68)
at ✽.I should see error messages for blank username and password fields(file:///D:/WorkSpace_Selenium/CucuTestngFramework9/src/test/resources/features/LoginWithEmptyCredentials.feature:15)
]]>
            </full-stacktrace>
          </exception> <!-- java.lang.AssertionError -->
          <reporter-output>
          </reporter-output>
        </test-method> <!-- runScenario -->
        <test-method signature="runScenario(io.cucumber.testng.PickleWrapper,io.cucumber.testng.FeatureWrapper)[pri:0, instance:com.orangehrm.selenium.cucumber.runner.TestRunner@4f49f6af]" started-at="2025-01-16T20:47:16 IST" name="runScenario" description="Runs Cucumber Scenarios" data-provider="scenarios" finished-at="2025-01-16T20:47:21 IST" duration-ms="4839" status="FAIL">
          <params>
            <param index="0">
              <value>
                <![CDATA["Login with Empty Credentials Should Display Error Messages"]]>
              </value>
            </param>
            <param index="1">
              <value>
                <![CDATA["Login with Empty Credentials"]]>
              </value>
            </param>
          </params>
          <exception class="java.lang.AssertionError">
            <message>
              <![CDATA[Error message for Username field does not match! expected [Require] but found [Required]]]>
            </message>
            <full-stacktrace>
              <![CDATA[java.lang.AssertionError: Error message for Username field does not match! expected [Require] but found [Required]
at org.testng.Assert.fail(Assert.java:111)
at org.testng.Assert.failNotEquals(Assert.java:1578)
at org.testng.Assert.assertEqualsImpl(Assert.java:150)
at org.testng.Assert.assertEquals(Assert.java:132)
at org.testng.Assert.assertEquals(Assert.java:656)
at com.orangehrm.selenium.cucumber.stepdefs.EmptyLoginStepDef.i_should_see_error_messages(EmptyLoginStepDef.java:68)
at ✽.I should see error messages for blank username and password fields(file:///D:/WorkSpace_Selenium/CucuTestngFramework9/src/test/resources/features/LoginWithEmptyCredentials.feature:15)
]]>
            </full-stacktrace>
          </exception> <!-- java.lang.AssertionError -->
          <reporter-output>
          </reporter-output>
        </test-method> <!-- runScenario -->
        <test-method retried="true" signature="runScenario(io.cucumber.testng.PickleWrapper,io.cucumber.testng.FeatureWrapper)[pri:0, instance:com.orangehrm.selenium.cucumber.runner.TestRunner@4f49f6af]" started-at="2025-01-16T20:47:21 IST" name="runScenario" description="Runs Cucumber Scenarios" data-provider="scenarios" finished-at="2025-01-16T20:47:36 IST" duration-ms="14868" status="SKIP">
          <params>
            <param index="0">
              <value>
                <![CDATA["Login with Invalid Credentials Should Display Error Message"]]>
              </value>
            </param>
            <param index="1">
              <value>
                <![CDATA["Login with Invalid Credentials"]]>
              </value>
            </param>
          </params>
          <exception class="java.lang.AssertionError">
            <message>
              <![CDATA[Error message not displayed as expected! expected [Invalid credentials] but found []]]>
            </message>
            <full-stacktrace>
              <![CDATA[java.lang.AssertionError: Error message not displayed as expected! expected [Invalid credentials] but found []
at org.testng.Assert.fail(Assert.java:111)
at org.testng.Assert.failNotEquals(Assert.java:1578)
at org.testng.Assert.assertEqualsImpl(Assert.java:150)
at org.testng.Assert.assertEquals(Assert.java:132)
at org.testng.Assert.assertEquals(Assert.java:656)
at com.orangehrm.selenium.cucumber.stepdefs.InvalidLoginStepDef.i_should_see_error_message(InvalidLoginStepDef.java:65)
at ✽.I should see an error message "Invalid credentials" on the Login page(file:///D:/WorkSpace_Selenium/CucuTestngFramework9/src/test/resources/features/LoginWithInvalidCredentials.feature:15)
]]>
            </full-stacktrace>
          </exception> <!-- java.lang.AssertionError -->
          <reporter-output>
          </reporter-output>
        </test-method> <!-- runScenario -->
        <test-method signature="runScenario(io.cucumber.testng.PickleWrapper,io.cucumber.testng.FeatureWrapper)[pri:0, instance:com.orangehrm.selenium.cucumber.runner.TestRunner@4f49f6af]" started-at="2025-01-16T20:47:36 IST" name="runScenario" description="Runs Cucumber Scenarios" data-provider="scenarios" finished-at="2025-01-16T20:47:52 IST" duration-ms="16465" status="FAIL">
          <params>
            <param index="0">
              <value>
                <![CDATA["Login with Invalid Credentials Should Display Error Message"]]>
              </value>
            </param>
            <param index="1">
              <value>
                <![CDATA["Login with Invalid Credentials"]]>
              </value>
            </param>
          </params>
          <exception class="java.lang.AssertionError">
            <message>
              <![CDATA[Error message not displayed as expected! expected [Invalid credentials] but found []]]>
            </message>
            <full-stacktrace>
              <![CDATA[java.lang.AssertionError: Error message not displayed as expected! expected [Invalid credentials] but found []
at org.testng.Assert.fail(Assert.java:111)
at org.testng.Assert.failNotEquals(Assert.java:1578)
at org.testng.Assert.assertEqualsImpl(Assert.java:150)
at org.testng.Assert.assertEquals(Assert.java:132)
at org.testng.Assert.assertEquals(Assert.java:656)
at com.orangehrm.selenium.cucumber.stepdefs.InvalidLoginStepDef.i_should_see_error_message(InvalidLoginStepDef.java:65)
at ✽.I should see an error message "Invalid credentials" on the Login page(file:///D:/WorkSpace_Selenium/CucuTestngFramework9/src/test/resources/features/LoginWithInvalidCredentials.feature:15)
]]>
            </full-stacktrace>
          </exception> <!-- java.lang.AssertionError -->
          <reporter-output>
          </reporter-output>
        </test-method> <!-- runScenario -->
        <test-method is-config="true" signature="tearDownClass()[pri:0, instance:com.orangehrm.selenium.cucumber.runner.TestRunner@4f49f6af]" started-at="2025-01-16T20:47:52 IST" name="tearDownClass" finished-at="2025-01-16T20:47:55 IST" duration-ms="2333" status="PASS">
          <reporter-output>
          </reporter-output>
        </test-method> <!-- tearDownClass -->
      </class> <!-- com.orangehrm.selenium.cucumber.runner.TestRunner -->
    </test> <!-- LoginPageTest -->
  </suite> <!-- CucumberTestngTestSuite -->
</testng-results>
