<?xml version="1.0" encoding="UTF-8"?>
<!-- Generated by org.testng.reporters.JUnitReportReporter -->
<testsuite hostname="DESKTOP-TFUFUVK" failures="2" tests="10" name="com.orangehrm.selenium.cucumber.runner.TestRunner" time="101.191" errors="0" timestamp="2025-01-16T20:47:55 IST" skipped="4">
  <testcase classname="com.orangehrm.selenium.cucumber.runner.TestRunner" name="runScenario" time="9.492"/>
  <testcase classname="com.orangehrm.selenium.cucumber.runner.TestRunner" name="runScenario" time="16.465">
    <failure message="Error message not displayed as expected! expected [Invalid credentials] but found []" type="java.lang.AssertionError">
      <![CDATA[java.lang.AssertionError: Error message not displayed as expected! expected [Invalid credentials] but found []
at org.testng.Assert.fail(Assert.java:111)
at org.testng.Assert.failNotEquals(Assert.java:1578)
at org.testng.Assert.assertEqualsImpl(Assert.java:150)
at org.testng.Assert.assertEquals(Assert.java:132)
at org.testng.Assert.assertEquals(Assert.java:656)
at com.orangehrm.selenium.cucumber.stepdefs.InvalidLoginStepDef.i_should_see_error_message(InvalidLoginStepDef.java:65)
at ✽.I should see an error message "Invalid credentials" on the Login page(file:///D:/WorkSpace_Selenium/CucuTestngFramework9/src/test/resources/features/LoginWithInvalidCredentials.feature:15)
]]>
    </failure>
  </testcase> <!-- runScenario -->
  <testcase classname="com.orangehrm.selenium.cucumber.runner.TestRunner" name="runScenario" time="17.092">
    <skipped/>
  </testcase> <!-- runScenario -->
  <testcase classname="com.orangehrm.selenium.cucumber.runner.TestRunner" name="runScenario" time="8.226"/>
  <testcase classname="com.orangehrm.selenium.cucumber.runner.TestRunner" name="runScenario" time="10.381"/>
  <testcase classname="com.orangehrm.selenium.cucumber.runner.TestRunner" name="runScenario" time="7.277">
    <skipped/>
  </testcase> <!-- runScenario -->
  <testcase classname="com.orangehrm.selenium.cucumber.runner.TestRunner" name="runScenario" time="7.943"/>
  <testcase classname="com.orangehrm.selenium.cucumber.runner.TestRunner" name="runScenario" time="4.839">
    <failure message="Error message for Username field does not match! expected [Require] but found [Required]" type="java.lang.AssertionError">
      <![CDATA[java.lang.AssertionError: Error message for Username field does not match! expected [Require] but found [Required]
at org.testng.Assert.fail(Assert.java:111)
at org.testng.Assert.failNotEquals(Assert.java:1578)
at org.testng.Assert.assertEqualsImpl(Assert.java:150)
at org.testng.Assert.assertEquals(Assert.java:132)
at org.testng.Assert.assertEquals(Assert.java:656)
at com.orangehrm.selenium.cucumber.stepdefs.EmptyLoginStepDef.i_should_see_error_messages(EmptyLoginStepDef.java:68)
at ✽.I should see error messages for blank username and password fields(file:///D:/WorkSpace_Selenium/CucuTestngFramework9/src/test/resources/features/LoginWithEmptyCredentials.feature:15)
]]>
    </failure>
  </testcase> <!-- runScenario -->
  <testcase classname="com.orangehrm.selenium.cucumber.runner.TestRunner" name="runScenario" time="4.608">
    <skipped/>
  </testcase> <!-- runScenario -->
  <testcase classname="com.orangehrm.selenium.cucumber.runner.TestRunner" name="runScenario" time="14.868">
    <skipped/>
  </testcase> <!-- runScenario -->
</testsuite> <!-- com.orangehrm.selenium.cucumber.runner.TestRunner -->
